Processing sample: MOOP_3153
Making BLAST database from PhyloFlash FASTA...


Building a new DB, current time: 07/17/2025 16:59:54
New DB name:   /scratch01/public/genomics/toths/biocode_fish_genome_skimming/biocode_fish_barrnap_phylofish_mapping/MOOP_3153/PF_DB
New DB title:  /scratch/public/genomics/toths/biocode_fish_phyloflash/fish_moorea_bacteria_phyloflash_SSUs_renamed/MOOP_3153.PFspades.fasta
Sequence type: Nucleotide
Keep MBits: T
Maximum file size: 3000000000B
BLAST options error: File /scratch/public/genomics/toths/biocode_fish_phyloflash/fish_moorea_bacteria_phyloflash_SSUs_renamed/MOOP_3153.PFspades.fasta does not exist
Running BLASTN...
BLAST Database error: No alias or index file found for nucleotide database [PF_DB] in search path [/scratch01/public/genomics/toths/biocode_fish_genome_skimming/biocode_fish_barrnap_phylofish_mapping/MOOP_3153:/scratch01/dbs/blast/v5:]
Done processing MOOP_3153
Processing sample: MOOP_3153
Making BLAST database from PhyloFlash FASTA...


Building a new DB, current time: 07/17/2025 17:03:27
New DB name:   /scratch01/public/genomics/toths/biocode_fish_genome_skimming/biocode_fish_barrnap_phylofish_mapping/MOOP_3153/PF_DB
New DB title:  /scratch/public/genomics/toths/biocode_fish_genome_skimming/biocode_fish_phyloflash/fish_moorea_bacteria_phyloflash_SSUs_renamed/MOOP_3153.PFspades.fasta
Sequence type: Nucleotide
Keep MBits: T
Maximum file size: 3000000000B
Adding sequences from FASTA; added 1 sequences in 0.000234127 seconds.


Running BLASTN...
Done processing MOOP_3153
Processing sample: MOOP_3153
Making BLAST database from PhyloFlash FASTA...


Building a new DB, current time: 07/17/2025 18:40:38
New DB name:   /scratch01/public/genomics/toths/biocode_fish_genome_skimming/biocode_fish_barrnap_phylofish_mapping/MOOP_3153/PF_DB
New DB title:  /scratch/public/genomics/toths/biocode_fish_genome_skimming/biocode_fish_phyloflash/fish_moorea_bacteria_phyloflash_SSUs_renamed/MOOP_3153.PFspades.fasta
Sequence type: Nucleotide
Deleted existing Nucleotide BLAST database named /scratch01/public/genomics/toths/biocode_fish_genome_skimming/biocode_fish_barrnap_phylofish_mapping/MOOP_3153/PF_DB
Keep MBits: T
Maximum file size: 3000000000B
Adding sequences from FASTA; added 1 sequences in 0.000231981 seconds.


Running BLASTN...
Done processing MOOP_3153
